<?xml version="1.0" encoding="UTF-8"?>
<testsuite name="SumOfMultiplesTest" tests="13" skipped="0" failures="0" errors="0" timestamp="2018-08-23T02:51:45" hostname="Rafaels-MacBook-Air.local" time="0.126">
  <properties/>
  <testcase name="testSumOfMultiplesOf4and6UpToFifteen" classname="SumOfMultiplesTest" time="0.03"/>
  <testcase name="testSumOfMultiplesOf3and5UpToOneHundred" classname="SumOfMultiplesTest" time="0.006"/>
  <testcase name="testSumOfMultiplesOfNoneUpToTenThousand" classname="SumOfMultiplesTest" time="0.036"/>
  <testcase name="testSumOfMultiplesOf5and25UpToFiftyOne" classname="SumOfMultiplesTest" time="0.002"/>
  <testcase name="testSumOfMultiplesOf5and6and8UpToOneHundredFifty" classname="SumOfMultiplesTest" time="0.004"/>
  <testcase name="testSumOfMultiplesOf7and13and17UpToTwenty" classname="SumOfMultiplesTest" time="0.002"/>
  <testcase name="testSumOfMultiplesOf3and5UpToFour" classname="SumOfMultiplesTest" time="0.002"/>
  <testcase name="testSumOfMultiplesOf3aUpToSeven" classname="SumOfMultiplesTest" time="0.002"/>
  <testcase name="testSumOfMultiplesOfOneUpToOneHundred" classname="SumOfMultiplesTest" time="0.003"/>
  <testcase name="testSumOfMultiplesOf43and47UpToTenThousand" classname="SumOfMultiplesTest" time="0.021"/>
  <testcase name="testSumOfMultiplesOf3and5UpToOne" classname="SumOfMultiplesTest" time="0.001"/>
  <testcase name="testSumOfMultiplesOf3and5UpToTen" classname="SumOfMultiplesTest" time="0.001"/>
  <testcase name="testSumOfMultiplesOf3and5UpToOneThousand" classname="SumOfMultiplesTest" time="0.002"/>
  <system-out><![CDATA[OLOKO
OLOKO
OLOKO
OLOKO
OLOKO
OLOKO
OLOKO
OLOKO
OLOKO
OLOKO
OLOKO
OLOKO
OLOKO
]]></system-out>
  <system-err><![CDATA[]]></system-err>
</testsuite>
