<?xml version="1.0" encoding="UTF-8"?>
<testsuite name="FlattenerTest" tests="6" skipped="0" failures="0" errors="0" timestamp="2018-08-23T01:33:39" hostname="Rafaels-MacBook-Air.local" time="0.018">
  <properties/>
  <testcase name="testSixLevelsOfNestingWithNulls" classname="FlattenerTest" time="0.01"/>
  <testcase name="testASingleLevelOfNestingWithNoNulls" classname="FlattenerTest" time="0.001"/>
  <testcase name="testFlatListIsPreserved" classname="FlattenerTest" time="0.001"/>
  <testcase name="testFiveLevelsOfNestingWithNoNulls" classname="FlattenerTest" time="0.001"/>
  <testcase name="testNestedListsFullOfNullsOnly" classname="FlattenerTest" time="0.001"/>
  <testcase name="testSixLevelsOfNestingWithNoNulls" classname="FlattenerTest" time="0.001"/>
  <system-out><![CDATA[]]></system-out>
  <system-err><![CDATA[]]></system-err>
</testsuite>
