<?xml version="1.0" encoding="UTF-8"?>
<testsuite name="GigasecondTest" tests="5" skipped="0" failures="0" errors="0" timestamp="2018-08-22T00:42:38" hostname="Rafaels-MacBook-Air.local" time="0.026">
  <properties/>
  <testcase name="withFullTimeSpecified" classname="GigasecondTest" time="0.016"/>
  <testcase name="modernTime" classname="GigasecondTest" time="0.008"/>
  <testcase name="beforeEpochTime" classname="GigasecondTest" time="0.001"/>
  <testcase name="afterEpochTime" classname="GigasecondTest" time="0.0"/>
  <testcase name="withFullTimeSpecifiedAndDayRollover" classname="GigasecondTest" time="0.0"/>
  <system-out><![CDATA[]]></system-out>
  <system-err><![CDATA[]]></system-err>
</testsuite>
